0 info it worked if it ends with ok
1 verbose cli [ 'E:\\Program Files\\nodejs\\node.exe',
1 verbose cli   'C:\\Users\\Paul\\AppData\\Roaming\\npm\\node_modules\\npm\\bin\\npm-cli.js',
1 verbose cli   'run',
1 verbose cli   'watch' ]
2 info using npm@4.0.2
3 info using node@v6.5.0
4 verbose run-script [ 'prewatch', 'watch', 'postwatch' ]
5 info lifecycle ace@0.0.1~prewatch: ace@0.0.1
6 silly lifecycle ace@0.0.1~prewatch: no script for prewatch, continuing
7 info lifecycle ace@0.0.1~watch: ace@0.0.1
8 verbose lifecycle ace@0.0.1~watch: unsafe-perm in lifecycle true
9 verbose lifecycle ace@0.0.1~watch: PATH: C:\Users\Paul\AppData\Roaming\npm\node_modules\npm\bin\node-gyp-bin;E:\Users\Paul\Documents\Ace\node_modules\.bin;C:\ProgramData\Oracle\Java\javapath;C:\WINDOWS\system32;C:\WINDOWS;C:\WINDOWS\System32\Wbem;C:\WINDOWS\System32\WindowsPowerShell\v1.0\;C:\Program Files (x86)\Skype\Phone\;C:\MinGW\bin;E:\MinGW\bin;E:\Android\sdk\tools;E:\Android\sdk\platform-tools;E:\Program Files\WorldPainter;E:\Program Files\Java\jdk1.8.0_65\bin;E:\Users\Paul\Downloads\apache-ant-1.9.6-bin\apache-ant-1.9.6\bin;E:\Users\Paul\Downloads\apache-maven-3.3.9-bin\apache-maven-3.3.9\bin;C:\Program Files (x86)\ATI Technologies\ATI.ACE\Core-Static;C:\Users\Paul\.dnx\bin;C:\Program Files\Microsoft DNX\Dnvm\;C:\Program Files\Microsoft SQL Server\130\Tools\Binn\;E:\wamp64\bin\php\php7.0.4;C:\ProgramData\ComposerSetup\bin;C:\Users\Paul\AppData\Roaming\npm;C:\Users\Paul\AppData\Local\atom\bin;C:\Users\Paul\AppData\Local\Microsoft\WindowsApps;C:\Users\Paul\AppData\Roaming\Composer\vendor\bin;C:\adb;E:\Program Files\nodejs\;C:\Users\Paul\AppData\Local\atom\bin;C:\Users\Paul\AppData\Local\Microsoft\WindowsApps;C:\Users\Paul\AppData\Roaming\Composer\vendor\bin;C:\Users\Paul\AppData\Roaming\npm;E:\Paul\AppData\Local\atom\bin
10 verbose lifecycle ace@0.0.1~watch: CWD: E:\Users\Paul\Documents\Ace
11 silly lifecycle ace@0.0.1~watch: Args: [ '/d /s /c',
11 silly lifecycle   'webpack-dev-server --https --progress --colors --watch --hot --inline' ]
12 silly lifecycle ace@0.0.1~watch: Returned: code: 3221225786  signal: null
13 info lifecycle ace@0.0.1~watch: Failed to exec watch script
14 verbose stack Error: ace@0.0.1 watch: `webpack-dev-server --https --progress --colors --watch --hot --inline`
14 verbose stack Exit status 3221225786
14 verbose stack     at EventEmitter.<anonymous> (C:\Users\Paul\AppData\Roaming\npm\node_modules\npm\lib\utils\lifecycle.js:279:16)
14 verbose stack     at emitTwo (events.js:106:13)
14 verbose stack     at EventEmitter.emit (events.js:191:7)
14 verbose stack     at ChildProcess.<anonymous> (C:\Users\Paul\AppData\Roaming\npm\node_modules\npm\lib\utils\spawn.js:40:14)
14 verbose stack     at emitTwo (events.js:106:13)
14 verbose stack     at ChildProcess.emit (events.js:191:7)
14 verbose stack     at maybeClose (internal/child_process.js:877:16)
14 verbose stack     at Process.ChildProcess._handle.onexit (internal/child_process.js:226:5)
15 verbose pkgid ace@0.0.1
16 verbose cwd E:\Users\Paul\Documents\Ace\src
17 error Windows_NT 10.0.14393
18 error argv "E:\\Program Files\\nodejs\\node.exe" "C:\\Users\\Paul\\AppData\\Roaming\\npm\\node_modules\\npm\\bin\\npm-cli.js" "run" "watch"
19 error node v6.5.0
20 error npm  v4.0.2
21 error code ELIFECYCLE
22 error ace@0.0.1 watch: `webpack-dev-server --https --progress --colors --watch --hot --inline`
22 error Exit status 3221225786
23 error Failed at the ace@0.0.1 watch script 'webpack-dev-server --https --progress --colors --watch --hot --inline'.
23 error Make sure you have the latest version of node.js and npm installed.
23 error If you do, this is most likely a problem with the ace package,
23 error not with npm itself.
23 error Tell the author that this fails on your system:
23 error     webpack-dev-server --https --progress --colors --watch --hot --inline
23 error You can get information on how to open an issue for this project with:
23 error     npm bugs ace
23 error Or if that isn't available, you can get their info via:
23 error     npm owner ls ace
23 error There is likely additional logging output above.
24 verbose exit [ 1, true ]
